[1/8] unauthorized access is blocked...
ok: blocked before knock
[2/8] user 100 with correct key can authenticate...
ok: user 100 authorized
[3/8] session times out and access closes...
ok: timeout enforced
[4/8] unknown user id is rejected...
ok: unknown user rejected
[5/10] user 101 with correct key is authorized...
ok: user 101 authorized
[6/10] user 101 produces unique sessions across separate auths...
ok: repeated user auth generates distinct sessions
[7/10] replayed knock is counted and does not create new auth event...
ok: replay detection active for per-user knocks
[8/10] deauth for active session immediately closes access...
ok: deauth immediately revokes active auth
[9/10] list-users exposes both records...
ok: list-users includes expected users
[10/10] user-auth feature tests passed
pass: per-user registration and key isolation
